{"/Users/simo97/Desktop/web/packages/express-performance-monitor/src/index.ts": {"path":"/Users/simo97/Desktop/web/packages/express-performance-monitor/src/index.ts","statementMap":{"0":{"start":{"line":10,"column":0},"end":{"line":10,"column":9}},"1":{"start":{"line":10,"column":9},"end":{"line":10,"column":47}}},"fnMap":{"0":{"name":"(anonymous_1)","decl":{"start":{"line":10,"column":9},"end":{"line":10,"column":16}},"loc":{"start":{"line":10,"column":9},"end":{"line":10,"column":47}}}},"branchMap":{},"s":{"0":1,"1":2},"f":{"0":1},"b":{}}
,"/Users/simo97/Desktop/web/packages/express-performance-monitor/src/middleware-wrapper.ts": {"path":"/Users/simo97/Desktop/web/packages/express-performance-monitor/src/middleware-wrapper.ts","statementMap":{"0":{"start":{"line":2,"column":0},"end":{"line":2,"column":25}},"1":{"start":{"line":3,"column":0},"end":{"line":3,"column":29}},"2":{"start":{"line":4,"column":0},"end":{"line":4,"column":46}},"3":{"start":{"line":6,"column":0},"end":{"line":6,"column":36}},"4":{"start":{"line":9,"column":0},"end":{"line":9,"column":35}},"5":{"start":{"line":10,"column":0},"end":{"line":10,"column":53}},"6":{"start":{"line":11,"column":0},"end":{"line":11,"column":57}},"7":{"start":{"line":12,"column":0},"end":{"line":12,"column":66}},"8":{"start":{"line":14,"column":26},"end":{"line":62,"column":1}},"9":{"start":{"line":15,"column":26},"end":{"line":15,"column":42}},"10":{"start":{"line":16,"column":32},"end":{"line":16,"column":34}},"11":{"start":{"line":17,"column":2},"end":{"line":21,"column":null}},"12":{"start":{"line":18,"column":4},"end":{"line":20,"column":null}},"13":{"start":{"line":19,"column":6},"end":{"line":19,"column":38}},"14":{"start":{"line":23,"column":15},"end":{"line":30,"column":4}},"15":{"start":{"line":32,"column":19},"end":{"line":32,"column":91}},"16":{"start":{"line":34,"column":17},"end":{"line":34,"column":45}},"17":{"start":{"line":36,"column":21},"end":{"line":54,"column":3}},"18":{"start":{"line":37,"column":16},"end":{"line":37,"column":46}},"19":{"start":{"line":38,"column":4},"end":{"line":38,"column":53}},"20":{"start":{"line":39,"column":22},"end":{"line":39,"column":38}},"21":{"start":{"line":41,"column":4},"end":{"line":53,"column":null}},"22":{"start":{"line":42,"column":6},"end":{"line":44,"column":9}},"23":{"start":{"line":43,"column":8},"end":{"line":43,"column":67}},"24":{"start":{"line":46,"column":6},"end":{"line":50,"column":null}},"25":{"start":{"line":47,"column":8},"end":{"line":49,"column":11}},"26":{"start":{"line":48,"column":10},"end":{"line":48,"column":78}},"27":{"start":{"line":52,"column":6},"end":{"line":52,"column":13}},"28":{"start":{"line":55,"column":2},"end":{"line":55,"column":37}},"29":{"start":{"line":56,"column":2},"end":{"line":60,"column":4}},"30":{"start":{"line":57,"column":4},"end":{"line":59,"column":7}},"31":{"start":{"line":58,"column":6},"end":{"line":58,"column":65}},"32":{"start":{"line":61,"column":2},"end":{"line":61,"column":20}},"33":{"start":{"line":64,"column":0},"end":{"line":64,"column":33}}},"fnMap":{"0":{"name":"(anonymous_0)","decl":{"start":{"line":14,"column":26},"end":{"line":14,"column":27}},"loc":{"start":{"line":14,"column":59},"end":{"line":62,"column":1}}},"1":{"name":"(anonymous_1)","decl":{"start":{"line":36,"column":21},"end":{"line":36,"column":22}},"loc":{"start":{"line":36,"column":83},"end":{"line":54,"column":3}}},"2":{"name":"(anonymous_2)","decl":{"start":{"line":42,"column":55},"end":{"line":42,"column":56}},"loc":{"start":{"line":42,"column":67},"end":{"line":44,"column":7}}},"3":{"name":"(anonymous_3)","decl":{"start":{"line":47,"column":23},"end":{"line":47,"column":26}},"loc":{"start":{"line":47,"column":28},"end":{"line":49,"column":9}}},"4":{"name":"(anonymous_4)","decl":{"start":{"line":56,"column":25},"end":{"line":56,"column":26}},"loc":{"start":{"line":56,"column":58},"end":{"line":60,"column":3}}},"5":{"name":"(anonymous_5)","decl":{"start":{"line":57,"column":53},"end":{"line":57,"column":54}},"loc":{"start":{"line":57,"column":65},"end":{"line":59,"column":5}}}},"branchMap":{"0":{"loc":{"start":{"line":18,"column":4},"end":{"line":20,"column":null}},"type":"if","locations":[{"start":{"line":18,"column":4},"end":{"line":20,"column":null}}]},"1":{"loc":{"start":{"line":41,"column":4},"end":{"line":53,"column":null}},"type":"if","locations":[{"start":{"line":41,"column":4},"end":{"line":53,"column":null}},{"start":{"line":45,"column":11},"end":{"line":53,"column":null}}]},"2":{"loc":{"start":{"line":46,"column":6},"end":{"line":50,"column":null}},"type":"if","locations":[{"start":{"line":46,"column":6},"end":{"line":50,"column":null}}]}},"s":{"0":1,"1":1,"2":1,"3":1,"4":1,"5":1,"6":1,"7":1,"8":1,"9":1,"10":1,"11":1,"12":8,"13":0,"14":1,"15":1,"16":1,"17":1,"18":0,"19":0,"20":0,"21":0,"22":0,"23":0,"24":0,"25":0,"26":0,"27":0,"28":1,"29":1,"30":0,"31":0,"32":1,"33":1},"f":{"0":1,"1":0,"2":0,"3":0,"4":0,"5":0},"b":{"0":[0],"1":[0,0],"2":[0]}}
,"/Users/simo97/Desktop/web/packages/express-performance-monitor/src/helpers/default-config.ts": {"path":"/Users/simo97/Desktop/web/packages/express-performance-monitor/src/helpers/default-config.ts","statementMap":{"0":{"start":{"line":1,"column":13},"end":{"line":32,"column":2}}},"fnMap":{},"branchMap":{},"s":{"0":1},"f":{},"b":{}}
,"/Users/simo97/Desktop/web/packages/express-performance-monitor/src/helpers/gather-os-metrics.ts": {"path":"/Users/simo97/Desktop/web/packages/express-performance-monitor/src/helpers/gather-os-metrics.ts","statementMap":{"0":{"start":{"line":2,"column":0},"end":{"line":2,"column":32}},"1":{"start":{"line":3,"column":0},"end":{"line":3,"column":27}},"2":{"start":{"line":4,"column":0},"end":{"line":4,"column":25}},"3":{"start":{"line":5,"column":0},"end":{"line":5,"column":25}},"4":{"start":{"line":7,"column":0},"end":{"line":7,"column":45}},"5":{"start":{"line":15,"column":14},"end":{"line":15,"column":51}},"6":{"start":{"line":18,"column":0},"end":{"line":23,"column":null}},"7":{"start":{"line":20,"column":2},"end":{"line":20,"column":47}},"8":{"start":{"line":22,"column":2},"end":{"line":22,"column":77}},"9":{"start":{"line":25,"column":24},"end":{"line":33,"column":2}},"10":{"start":{"line":35,"column":31},"end":{"line":65,"column":1}},"11":{"start":{"line":36,"column":2},"end":{"line":64,"column":5}},"12":{"start":{"line":37,"column":4},"end":{"line":40,"column":null}},"13":{"start":{"line":38,"column":6},"end":{"line":38,"column":17}},"14":{"start":{"line":39,"column":6},"end":{"line":39,"column":13}},"15":{"start":{"line":42,"column":17},"end":{"line":42,"column":58}},"16":{"start":{"line":44,"column":19},"end":{"line":44,"column":45}},"17":{"start":{"line":45,"column":17},"end":{"line":45,"column":29}},"18":{"start":{"line":46,"column":22},"end":{"line":46,"column":32}},"19":{"start":{"line":47,"column":17},"end":{"line":47,"column":39}},"20":{"start":{"line":51,"column":4},"end":{"line":53,"column":null}},"21":{"start":{"line":52,"column":6},"end":{"line":52,"column":36}},"22":{"start":{"line":55,"column":4},"end":{"line":55,"column":68}},"23":{"start":{"line":56,"column":4},"end":{"line":58,"column":null}},"24":{"start":{"line":57,"column":6},"end":{"line":57,"column":43}},"25":{"start":{"line":60,"column":4},"end":{"line":60,"column":58}},"26":{"start":{"line":60,"column":42},"end":{"line":60,"column":58}},"27":{"start":{"line":61,"column":4},"end":{"line":61,"column":92}},"28":{"start":{"line":61,"column":69},"end":{"line":61,"column":92}},"29":{"start":{"line":63,"column":4},"end":{"line":63,"column":26}},"30":{"start":{"line":35,"column":13},"end":{"line":35,"column":31}}},"fnMap":{"0":{"name":"(anonymous_0)","decl":{"start":{"line":35,"column":31},"end":{"line":35,"column":32}},"loc":{"start":{"line":35,"column":63},"end":{"line":65,"column":1}}},"1":{"name":"(anonymous_1)","decl":{"start":{"line":36,"column":24},"end":{"line":36,"column":25}},"loc":{"start":{"line":36,"column":39},"end":{"line":64,"column":3}}}},"branchMap":{"0":{"loc":{"start":{"line":37,"column":4},"end":{"line":40,"column":null}},"type":"if","locations":[{"start":{"line":37,"column":4},"end":{"line":40,"column":null}}]},"1":{"loc":{"start":{"line":51,"column":4},"end":{"line":53,"column":null}},"type":"if","locations":[{"start":{"line":51,"column":4},"end":{"line":53,"column":null}}]},"2":{"loc":{"start":{"line":56,"column":4},"end":{"line":58,"column":null}},"type":"if","locations":[{"start":{"line":56,"column":4},"end":{"line":58,"column":null}}]},"3":{"loc":{"start":{"line":56,"column":8},"end":{"line":56,"column":82}},"type":"binary-expr","locations":[{"start":{"line":56,"column":8},"end":{"line":56,"column":26}},{"start":{"line":56,"column":30},"end":{"line":56,"column":82}}]},"4":{"loc":{"start":{"line":60,"column":4},"end":{"line":60,"column":58}},"type":"if","locations":[{"start":{"line":60,"column":4},"end":{"line":60,"column":58}}]},"5":{"loc":{"start":{"line":61,"column":4},"end":{"line":61,"column":92}},"type":"if","locations":[{"start":{"line":61,"column":4},"end":{"line":61,"column":92}}]},"6":{"loc":{"start":{"line":61,"column":8},"end":{"line":61,"column":67}},"type":"binary-expr","locations":[{"start":{"line":61,"column":8},"end":{"line":61,"column":25}},{"start":{"line":61,"column":29},"end":{"line":61,"column":67}}]}},"s":{"0":1,"1":1,"2":1,"3":1,"4":1,"5":1,"6":1,"7":1,"8":0,"9":1,"10":1,"11":0,"12":0,"13":0,"14":0,"15":0,"16":0,"17":0,"18":0,"19":0,"20":0,"21":0,"22":0,"23":0,"24":0,"25":0,"26":0,"27":0,"28":0,"29":0,"30":1},"f":{"0":0,"1":0},"b":{"0":[0],"1":[0],"2":[0],"3":[0,0],"4":[0],"5":[0],"6":[0,0]}}
,"/Users/simo97/Desktop/web/packages/express-performance-monitor/src/helpers/health-checker.ts": {"path":"/Users/simo97/Desktop/web/packages/express-performance-monitor/src/helpers/health-checker.ts","statementMap":{"0":{"start":{"line":8,"column":19},"end":{"line":17,"column":1}},"1":{"start":{"line":9,"column":26},"end":{"line":13,"column":null}},"2":{"start":{"line":10,"column":4},"end":{"line":12,"column":null}},"3":{"start":{"line":11,"column":18},"end":{"line":11,"column":47}},"4":{"start":{"line":12,"column":16},"end":{"line":12,"column":50}},"5":{"start":{"line":16,"column":2},"end":{"line":16,"column":38}},"6":{"start":{"line":19,"column":29},"end":{"line":56,"column":2}},"7":{"start":{"line":19,"column":67},"end":{"line":56,"column":2}},"8":{"start":{"line":20,"column":45},"end":{"line":20,"column":47}},"9":{"start":{"line":21,"column":2},"end":{"line":35,"column":null}},"10":{"start":{"line":22,"column":14},"end":{"line":22,"column":61}},"11":{"start":{"line":24,"column":4},"end":{"line":26,"column":null}},"12":{"start":{"line":25,"column":6},"end":{"line":25,"column":36}},"13":{"start":{"line":28,"column":4},"end":{"line":28,"column":28}},"14":{"start":{"line":30,"column":4},"end":{"line":34,"column":6}},"15":{"start":{"line":37,"column":38},"end":{"line":37,"column":40}},"16":{"start":{"line":39,"column":2},"end":{"line":55,"column":5}},"17":{"start":{"line":40,"column":4},"end":{"line":52,"column":null}},"18":{"start":{"line":41,"column":6},"end":{"line":51,"column":null}},"19":{"start":{"line":42,"column":8},"end":{"line":45,"column":11}},"20":{"start":{"line":47,"column":8},"end":{"line":50,"column":11}},"21":{"start":{"line":54,"column":4},"end":{"line":54,"column":24}},"22":{"start":{"line":19,"column":13},"end":{"line":19,"column":29}}},"fnMap":{"0":{"name":"(anonymous_0)","decl":{"start":{"line":8,"column":19},"end":{"line":8,"column":20}},"loc":{"start":{"line":8,"column":53},"end":{"line":17,"column":1}}},"1":{"name":"(anonymous_1)","decl":{"start":{"line":9,"column":39},"end":{"line":9,"column":40}},"loc":{"start":{"line":10,"column":4},"end":{"line":12,"column":null}}},"2":{"name":"(anonymous_2)","decl":{"start":{"line":11,"column":6},"end":{"line":11,"column":7}},"loc":{"start":{"line":11,"column":18},"end":{"line":11,"column":47}}},"3":{"name":"(anonymous_3)","decl":{"start":{"line":12,"column":6},"end":{"line":12,"column":7}},"loc":{"start":{"line":12,"column":16},"end":{"line":12,"column":50}}},"4":{"name":"(anonymous_4)","decl":{"start":{"line":19,"column":29},"end":{"line":19,"column":36}},"loc":{"start":{"line":19,"column":67},"end":{"line":56,"column":2}}},"5":{"name":"(anonymous_5)","decl":{"start":{"line":19,"column":67},"end":{"line":19,"column":null}},"loc":{"start":{"line":19,"column":67},"end":{"line":56,"column":1}}},"6":{"name":"(anonymous_6)","decl":{"start":{"line":39,"column":40},"end":{"line":39,"column":41}},"loc":{"start":{"line":39,"column":52},"end":{"line":55,"column":3}}}},"branchMap":{"0":{"loc":{"start":{"line":24,"column":4},"end":{"line":26,"column":null}},"type":"if","locations":[{"start":{"line":24,"column":4},"end":{"line":26,"column":null}}]},"1":{"loc":{"start":{"line":41,"column":6},"end":{"line":51,"column":null}},"type":"if","locations":[{"start":{"line":41,"column":6},"end":{"line":51,"column":null}},{"start":{"line":46,"column":13},"end":{"line":51,"column":null}}]}},"s":{"0":1,"1":0,"2":0,"3":0,"4":0,"5":0,"6":1,"7":0,"8":0,"9":0,"10":0,"11":0,"12":0,"13":0,"14":0,"15":0,"16":0,"17":0,"18":0,"19":0,"20":0,"21":0,"22":1},"f":{"0":0,"1":0,"2":0,"3":0,"4":0,"5":0,"6":0},"b":{"0":[0],"1":[0,0]}}
,"/Users/simo97/Desktop/web/packages/express-performance-monitor/src/helpers/on-headers-listener.ts": {"path":"/Users/simo97/Desktop/web/packages/express-performance-monitor/src/helpers/on-headers-listener.ts","statementMap":{"0":{"start":{"line":4,"column":33},"end":{"line":28,"column":1}},"1":{"start":{"line":5,"column":15},"end":{"line":5,"column":40}},"2":{"start":{"line":6,"column":23},"end":{"line":6,"column":55}},"3":{"start":{"line":7,"column":19},"end":{"line":7,"column":47}},"4":{"start":{"line":9,"column":2},"end":{"line":27,"column":null}},"5":{"start":{"line":10,"column":17},"end":{"line":10,"column":58}},"6":{"start":{"line":12,"column":4},"end":{"line":26,"column":null}},"7":{"start":{"line":13,"column":6},"end":{"line":13,"column":26}},"8":{"start":{"line":14,"column":6},"end":{"line":14,"column":22}},"9":{"start":{"line":15,"column":6},"end":{"line":15,"column":59}},"10":{"start":{"line":17,"column":6},"end":{"line":25,"column":9}},"11":{"start":{"line":4,"column":13},"end":{"line":4,"column":33}}},"fnMap":{"0":{"name":"(anonymous_0)","decl":{"start":{"line":4,"column":33},"end":{"line":4,"column":34}},"loc":{"start":{"line":4,"column":99},"end":{"line":28,"column":1}}}},"branchMap":{"0":{"loc":{"start":{"line":12,"column":4},"end":{"line":26,"column":null}},"type":"if","locations":[{"start":{"line":12,"column":4},"end":{"line":26,"column":null}},{"start":{"line":16,"column":11},"end":{"line":26,"column":null}}]},"1":{"loc":{"start":{"line":12,"column":8},"end":{"line":12,"column":87}},"type":"binary-expr","locations":[{"start":{"line":12,"column":8},"end":{"line":12,"column":26}},{"start":{"line":12,"column":30},"end":{"line":12,"column":87}}]},"2":{"loc":{"start":{"line":18,"column":11},"end":{"line":18,"column":33}},"type":"cond-expr","locations":[{"start":{"line":18,"column":28},"end":{"line":18,"column":29}},{"start":{"line":18,"column":32},"end":{"line":18,"column":33}}]},"3":{"loc":{"start":{"line":19,"column":11},"end":{"line":19,"column":33}},"type":"cond-expr","locations":[{"start":{"line":19,"column":28},"end":{"line":19,"column":29}},{"start":{"line":19,"column":32},"end":{"line":19,"column":33}}]},"4":{"loc":{"start":{"line":20,"column":11},"end":{"line":20,"column":33}},"type":"cond-expr","locations":[{"start":{"line":20,"column":28},"end":{"line":20,"column":29}},{"start":{"line":20,"column":32},"end":{"line":20,"column":33}}]},"5":{"loc":{"start":{"line":21,"column":11},"end":{"line":21,"column":33}},"type":"cond-expr","locations":[{"start":{"line":21,"column":28},"end":{"line":21,"column":29}},{"start":{"line":21,"column":32},"end":{"line":21,"column":33}}]}},"s":{"0":1,"1":0,"2":0,"3":0,"4":0,"5":0,"6":0,"7":0,"8":0,"9":0,"10":0,"11":1},"f":{"0":0},"b":{"0":[0,0],"1":[0,0],"2":[0,0],"3":[0,0],"4":[0,0],"5":[0,0]}}
,"/Users/simo97/Desktop/web/packages/express-performance-monitor/src/helpers/send-metrics.ts": {"path":"/Users/simo97/Desktop/web/packages/express-performance-monitor/src/helpers/send-metrics.ts","statementMap":{"0":{"start":{"line":5,"column":27},"end":{"line":12,"column":1}},"1":{"start":{"line":6,"column":2},"end":{"line":11,"column":5}},"2":{"start":{"line":5,"column":13},"end":{"line":5,"column":27}}},"fnMap":{"0":{"name":"(anonymous_0)","decl":{"start":{"line":5,"column":27},"end":{"line":5,"column":28}},"loc":{"start":{"line":5,"column":59},"end":{"line":12,"column":1}}}},"branchMap":{},"s":{"0":1,"1":0,"2":1},"f":{"0":0},"b":{}}
,"/Users/simo97/Desktop/web/packages/express-performance-monitor/src/helpers/socket-init.ts": {"path":"/Users/simo97/Desktop/web/packages/express-performance-monitor/src/helpers/socket-init.ts","statementMap":{"0":{"start":{"line":1,"column":0},"end":{"line":1,"column":43}},"1":{"start":{"line":4,"column":0},"end":{"line":4,"column":54}},"2":{"start":{"line":8,"column":24},"end":{"line":13,"column":1}},"3":{"start":{"line":9,"column":2},"end":{"line":9,"column":41}},"4":{"start":{"line":10,"column":2},"end":{"line":12,"column":5}},"5":{"start":{"line":11,"column":4},"end":{"line":11,"column":43}},"6":{"start":{"line":15,"column":28},"end":{"line":34,"column":1}},"7":{"start":{"line":16,"column":2},"end":{"line":33,"column":null}},"8":{"start":{"line":17,"column":4},"end":{"line":17,"column":48}},"9":{"start":{"line":19,"column":4},"end":{"line":21,"column":7}},"10":{"start":{"line":20,"column":6},"end":{"line":20,"column":66}},"11":{"start":{"line":23,"column":4},"end":{"line":32,"column":null}},"12":{"start":{"line":24,"column":6},"end":{"line":24,"column":19}},"13":{"start":{"line":25,"column":6},"end":{"line":25,"column":26}},"14":{"start":{"line":26,"column":23},"end":{"line":29,"column":30}},"15":{"start":{"line":27,"column":8},"end":{"line":27,"column":29}},"16":{"start":{"line":27,"column":22},"end":{"line":27,"column":29}},"17":{"start":{"line":28,"column":8},"end":{"line":28,"column":47}},"18":{"start":{"line":31,"column":6},"end":{"line":31,"column":23}},"19":{"start":{"line":15,"column":13},"end":{"line":15,"column":28}}},"fnMap":{"0":{"name":"(anonymous_0)","decl":{"start":{"line":8,"column":24},"end":{"line":8,"column":25}},"loc":{"start":{"line":8,"column":77},"end":{"line":13,"column":1}}},"1":{"name":"(anonymous_1)","decl":{"start":{"line":10,"column":26},"end":{"line":10,"column":29}},"loc":{"start":{"line":10,"column":31},"end":{"line":12,"column":3}}},"2":{"name":"(anonymous_2)","decl":{"start":{"line":15,"column":28},"end":{"line":15,"column":29}},"loc":{"start":{"line":15,"column":83},"end":{"line":34,"column":1}}},"3":{"name":"(anonymous_3)","decl":{"start":{"line":19,"column":24},"end":{"line":19,"column":25}},"loc":{"start":{"line":19,"column":43},"end":{"line":21,"column":5}}},"4":{"name":"(anonymous_4)","decl":{"start":{"line":26,"column":35},"end":{"line":26,"column":38}},"loc":{"start":{"line":26,"column":40},"end":{"line":29,"column":7}}}},"branchMap":{"0":{"loc":{"start":{"line":16,"column":2},"end":{"line":33,"column":null}},"type":"if","locations":[{"start":{"line":16,"column":2},"end":{"line":33,"column":null}}]},"1":{"loc":{"start":{"line":17,"column":9},"end":{"line":17,"column":47}},"type":"binary-expr","locations":[{"start":{"line":17,"column":9},"end":{"line":17,"column":25}},{"start":{"line":17,"column":29},"end":{"line":17,"column":47}}]},"2":{"loc":{"start":{"line":27,"column":8},"end":{"line":27,"column":29}},"type":"if","locations":[{"start":{"line":27,"column":8},"end":{"line":27,"column":29}}]}},"s":{"0":1,"1":1,"2":1,"3":0,"4":0,"5":0,"6":1,"7":0,"8":0,"9":0,"10":0,"11":0,"12":0,"13":0,"14":0,"15":0,"16":0,"17":0,"18":0,"19":1},"f":{"0":0,"1":0,"2":0,"3":0,"4":0},"b":{"0":[0],"1":[0,0],"2":[0]}}
,"/Users/simo97/Desktop/web/packages/express-performance-monitor/src/helpers/validate.ts": {"path":"/Users/simo97/Desktop/web/packages/express-performance-monitor/src/helpers/validate.ts","statementMap":{"0":{"start":{"line":2,"column":0},"end":{"line":2,"column":49}},"1":{"start":{"line":4,"column":29},"end":{"line":11,"column":1}},"2":{"start":{"line":5,"column":2},"end":{"line":9,"column":null}},"3":{"start":{"line":6,"column":4},"end":{"line":8,"column":null}},"4":{"start":{"line":7,"column":6},"end":{"line":7,"column":74}},"5":{"start":{"line":10,"column":2},"end":{"line":10,"column":39}},"6":{"start":{"line":13,"column":24},"end":{"line":26,"column":1}},"7":{"start":{"line":14,"column":2},"end":{"line":25,"column":4}},"8":{"start":{"line":13,"column":13},"end":{"line":13,"column":24}}},"fnMap":{"0":{"name":"(anonymous_0)","decl":{"start":{"line":4,"column":29},"end":{"line":4,"column":30}},"loc":{"start":{"line":4,"column":72},"end":{"line":11,"column":1}}},"1":{"name":"(anonymous_1)","decl":{"start":{"line":13,"column":24},"end":{"line":13,"column":25}},"loc":{"start":{"line":13,"column":78},"end":{"line":26,"column":1}}}},"branchMap":{"0":{"loc":{"start":{"line":6,"column":4},"end":{"line":8,"column":null}},"type":"if","locations":[{"start":{"line":6,"column":4},"end":{"line":8,"column":null}}]},"1":{"loc":{"start":{"line":15,"column":11},"end":{"line":15,"column":47}},"type":"binary-expr","locations":[{"start":{"line":15,"column":11},"end":{"line":15,"column":24}},{"start":{"line":15,"column":28},"end":{"line":15,"column":47}}]},"2":{"loc":{"start":{"line":15,"column":11},"end":{"line":15,"column":24}},"type":"cond-expr","locations":[{"start":{"line":15,"column":17},"end":{"line":15,"column":19}},{"start":{"line":15,"column":11},"end":{"line":15,"column":24}}]},"3":{"loc":{"start":{"line":15,"column":11},"end":{"line":15,"column":19}},"type":"binary-expr","locations":[{"start":{"line":15,"column":11},"end":{"line":15,"column":19}},{"start":{"line":15,"column":11},"end":{"line":15,"column":19}}]},"4":{"loc":{"start":{"line":16,"column":11},"end":{"line":16,"column":47}},"type":"binary-expr","locations":[{"start":{"line":16,"column":11},"end":{"line":16,"column":24}},{"start":{"line":16,"column":28},"end":{"line":16,"column":47}}]},"5":{"loc":{"start":{"line":16,"column":11},"end":{"line":16,"column":24}},"type":"cond-expr","locations":[{"start":{"line":16,"column":17},"end":{"line":16,"column":19}},{"start":{"line":16,"column":11},"end":{"line":16,"column":24}}]},"6":{"loc":{"start":{"line":16,"column":11},"end":{"line":16,"column":19}},"type":"binary-expr","locations":[{"start":{"line":16,"column":11},"end":{"line":16,"column":19}},{"start":{"line":16,"column":11},"end":{"line":16,"column":19}}]},"7":{"loc":{"start":{"line":17,"column":10},"end":{"line":17,"column":44}},"type":"binary-expr","locations":[{"start":{"line":17,"column":10},"end":{"line":17,"column":22}},{"start":{"line":17,"column":26},"end":{"line":17,"column":44}}]},"8":{"loc":{"start":{"line":17,"column":10},"end":{"line":17,"column":22}},"type":"cond-expr","locations":[{"start":{"line":17,"column":16},"end":{"line":17,"column":18}},{"start":{"line":17,"column":10},"end":{"line":17,"column":22}}]},"9":{"loc":{"start":{"line":17,"column":10},"end":{"line":17,"column":18}},"type":"binary-expr","locations":[{"start":{"line":17,"column":10},"end":{"line":17,"column":18}},{"start":{"line":17,"column":10},"end":{"line":17,"column":18}}]},"10":{"loc":{"start":{"line":18,"column":16},"end":{"line":18,"column":62}},"type":"binary-expr","locations":[{"start":{"line":18,"column":16},"end":{"line":18,"column":34}},{"start":{"line":18,"column":38},"end":{"line":18,"column":62}}]},"11":{"loc":{"start":{"line":18,"column":16},"end":{"line":18,"column":34}},"type":"cond-expr","locations":[{"start":{"line":18,"column":22},"end":{"line":18,"column":24}},{"start":{"line":18,"column":16},"end":{"line":18,"column":34}}]},"12":{"loc":{"start":{"line":18,"column":16},"end":{"line":18,"column":24}},"type":"binary-expr","locations":[{"start":{"line":18,"column":16},"end":{"line":18,"column":24}},{"start":{"line":18,"column":16},"end":{"line":18,"column":24}}]},"13":{"loc":{"start":{"line":19,"column":11},"end":{"line":19,"column":47}},"type":"binary-expr","locations":[{"start":{"line":19,"column":11},"end":{"line":19,"column":24}},{"start":{"line":19,"column":28},"end":{"line":19,"column":47}}]},"14":{"loc":{"start":{"line":19,"column":11},"end":{"line":19,"column":24}},"type":"cond-expr","locations":[{"start":{"line":19,"column":17},"end":{"line":19,"column":19}},{"start":{"line":19,"column":11},"end":{"line":19,"column":24}}]},"15":{"loc":{"start":{"line":19,"column":11},"end":{"line":19,"column":19}},"type":"binary-expr","locations":[{"start":{"line":19,"column":11},"end":{"line":19,"column":19}},{"start":{"line":19,"column":11},"end":{"line":19,"column":19}}]},"16":{"loc":{"start":{"line":20,"column":10},"end":{"line":20,"column":22}},"type":"cond-expr","locations":[{"start":{"line":20,"column":16},"end":{"line":20,"column":18}},{"start":{"line":20,"column":10},"end":{"line":20,"column":22}}]},"17":{"loc":{"start":{"line":20,"column":10},"end":{"line":20,"column":18}},"type":"binary-expr","locations":[{"start":{"line":20,"column":10},"end":{"line":20,"column":18}},{"start":{"line":20,"column":10},"end":{"line":20,"column":18}}]},"18":{"loc":{"start":{"line":21,"column":15},"end":{"line":21,"column":32}},"type":"cond-expr","locations":[{"start":{"line":21,"column":21},"end":{"line":21,"column":23}},{"start":{"line":21,"column":15},"end":{"line":21,"column":32}}]},"19":{"loc":{"start":{"line":21,"column":15},"end":{"line":21,"column":23}},"type":"binary-expr","locations":[{"start":{"line":21,"column":15},"end":{"line":21,"column":23}},{"start":{"line":21,"column":15},"end":{"line":21,"column":23}}]},"20":{"loc":{"start":{"line":22,"column":21},"end":{"line":22,"column":145}},"type":"cond-expr","locations":[{"start":{"line":22,"column":47},"end":{"line":22,"column":91}},{"start":{"line":22,"column":94},"end":{"line":22,"column":145}}]},"21":{"loc":{"start":{"line":22,"column":21},"end":{"line":22,"column":44}},"type":"cond-expr","locations":[{"start":{"line":22,"column":27},"end":{"line":22,"column":29}},{"start":{"line":22,"column":21},"end":{"line":22,"column":44}}]},"22":{"loc":{"start":{"line":22,"column":21},"end":{"line":22,"column":29}},"type":"binary-expr","locations":[{"start":{"line":22,"column":21},"end":{"line":22,"column":29}},{"start":{"line":22,"column":21},"end":{"line":22,"column":29}}]},"23":{"loc":{"start":{"line":23,"column":22},"end":{"line":23,"column":80}},"type":"binary-expr","locations":[{"start":{"line":23,"column":22},"end":{"line":23,"column":46}},{"start":{"line":23,"column":50},"end":{"line":23,"column":80}}]},"24":{"loc":{"start":{"line":23,"column":22},"end":{"line":23,"column":46}},"type":"cond-expr","locations":[{"start":{"line":23,"column":28},"end":{"line":23,"column":30}},{"start":{"line":23,"column":22},"end":{"line":23,"column":46}}]},"25":{"loc":{"start":{"line":23,"column":22},"end":{"line":23,"column":30}},"type":"binary-expr","locations":[{"start":{"line":23,"column":22},"end":{"line":23,"column":30}},{"start":{"line":23,"column":22},"end":{"line":23,"column":30}}]},"26":{"loc":{"start":{"line":24,"column":18},"end":{"line":24,"column":128}},"type":"cond-expr","locations":[{"start":{"line":24,"column":79},"end":{"line":24,"column":99}},{"start":{"line":24,"column":102},"end":{"line":24,"column":128}}]},"27":{"loc":{"start":{"line":24,"column":18},"end":{"line":24,"column":76}},"type":"binary-expr","locations":[{"start":{"line":24,"column":18},"end":{"line":24,"column":38}},{"start":{"line":24,"column":42},"end":{"line":24,"column":76}}]},"28":{"loc":{"start":{"line":24,"column":18},"end":{"line":24,"column":38}},"type":"cond-expr","locations":[{"start":{"line":24,"column":24},"end":{"line":24,"column":26}},{"start":{"line":24,"column":18},"end":{"line":24,"column":38}}]},"29":{"loc":{"start":{"line":24,"column":18},"end":{"line":24,"column":26}},"type":"binary-expr","locations":[{"start":{"line":24,"column":18},"end":{"line":24,"column":26}},{"start":{"line":24,"column":18},"end":{"line":24,"column":26}}]},"30":{"loc":{"start":{"line":24,"column":79},"end":{"line":24,"column":99}},"type":"cond-expr","locations":[{"start":{"line":24,"column":85},"end":{"line":24,"column":87}},{"start":{"line":24,"column":79},"end":{"line":24,"column":99}}]},"31":{"loc":{"start":{"line":24,"column":79},"end":{"line":24,"column":87}},"type":"binary-expr","locations":[{"start":{"line":24,"column":79},"end":{"line":24,"column":87}},{"start":{"line":24,"column":79},"end":{"line":24,"column":87}}]}},"s":{"0":1,"1":1,"2":1,"3":8,"4":0,"5":1,"6":1,"7":1,"8":1},"f":{"0":1,"1":1},"b":{"0":[0],"1":[1,1],"2":[1,0],"3":[1,1],"4":[1,1],"5":[1,0],"6":[1,1],"7":[1,1],"8":[1,0],"9":[1,1],"10":[1,1],"11":[1,0],"12":[1,1],"13":[1,1],"14":[1,0],"15":[1,1],"16":[1,0],"17":[1,1],"18":[1,0],"19":[1,1],"20":[0,1],"21":[1,0],"22":[1,1],"23":[1,1],"24":[1,0],"25":[1,1],"26":[0,1],"27":[1,0],"28":[1,0],"29":[1,1],"30":[0,0],"31":[0,0]}}
}
