TN:
SF:src/index.ts
FN:10,(anonymous_1)
FNF:1
FNH:1
FNDA:1,(anonymous_1)
DA:10,2
LF:1
LH:1
BRF:0
BRH:0
end_of_record
TN:
SF:src/middleware-wrapper.ts
FN:14,(anonymous_0)
FN:36,(anonymous_1)
FN:42,(anonymous_2)
FN:47,(anonymous_3)
FN:56,(anonymous_4)
FN:57,(anonymous_5)
FNF:6
FNH:1
FNDA:1,(anonymous_0)
FNDA:0,(anonymous_1)
FNDA:0,(anonymous_2)
FNDA:0,(anonymous_3)
FNDA:0,(anonymous_4)
FNDA:0,(anonymous_5)
DA:2,1
DA:3,1
DA:4,1
DA:6,1
DA:9,1
DA:10,1
DA:11,1
DA:12,1
DA:14,1
DA:15,1
DA:16,1
DA:17,1
DA:18,8
DA:19,0
DA:23,1
DA:32,1
DA:34,1
DA:36,1
DA:37,0
DA:38,0
DA:39,0
DA:41,0
DA:42,0
DA:43,0
DA:46,0
DA:47,0
DA:48,0
DA:52,0
DA:55,1
DA:56,1
DA:57,0
DA:58,0
DA:61,1
DA:64,1
LF:34
LH:21
BRDA:18,0,0,0
BRDA:41,1,0,0
BRDA:41,1,1,0
BRDA:46,2,0,0
BRF:4
BRH:0
end_of_record
TN:
SF:src/helpers/default-config.ts
FNF:0
FNH:0
DA:1,1
LF:1
LH:1
BRF:0
BRH:0
end_of_record
TN:
SF:src/helpers/gather-os-metrics.ts
FN:35,(anonymous_0)
FN:36,(anonymous_1)
FNF:2
FNH:0
FNDA:0,(anonymous_0)
FNDA:0,(anonymous_1)
DA:2,1
DA:3,1
DA:4,1
DA:5,1
DA:7,1
DA:15,1
DA:18,1
DA:20,1
DA:22,0
DA:25,1
DA:35,1
DA:36,0
DA:37,0
DA:38,0
DA:39,0
DA:42,0
DA:44,0
DA:45,0
DA:46,0
DA:47,0
DA:51,0
DA:52,0
DA:55,0
DA:56,0
DA:57,0
DA:60,0
DA:61,0
DA:63,0
LF:28
LH:10
BRDA:37,0,0,0
BRDA:51,1,0,0
BRDA:56,2,0,0
BRDA:56,3,0,0
BRDA:56,3,1,0
BRDA:60,4,0,0
BRDA:61,5,0,0
BRDA:61,6,0,0
BRDA:61,6,1,0
BRF:9
BRH:0
end_of_record
TN:
SF:src/helpers/health-checker.ts
FN:8,(anonymous_0)
FN:9,(anonymous_1)
FN:11,(anonymous_2)
FN:12,(anonymous_3)
FN:19,(anonymous_4)
FN:19,(anonymous_5)
FN:39,(anonymous_6)
FNF:7
FNH:0
FNDA:0,(anonymous_0)
FNDA:0,(anonymous_1)
FNDA:0,(anonymous_2)
FNDA:0,(anonymous_3)
FNDA:0,(anonymous_4)
FNDA:0,(anonymous_5)
FNDA:0,(anonymous_6)
DA:8,1
DA:9,0
DA:10,0
DA:11,0
DA:12,0
DA:16,0
DA:19,1
DA:20,0
DA:21,0
DA:22,0
DA:24,0
DA:25,0
DA:28,0
DA:30,0
DA:37,0
DA:39,0
DA:40,0
DA:41,0
DA:42,0
DA:47,0
DA:54,0
LF:21
LH:2
BRDA:24,0,0,0
BRDA:41,1,0,0
BRDA:41,1,1,0
BRF:3
BRH:0
end_of_record
TN:
SF:src/helpers/on-headers-listener.ts
FN:4,(anonymous_0)
FNF:1
FNH:0
FNDA:0,(anonymous_0)
DA:4,1
DA:5,0
DA:6,0
DA:7,0
DA:9,0
DA:10,0
DA:12,0
DA:13,0
DA:14,0
DA:15,0
DA:17,0
LF:11
LH:1
BRDA:12,0,0,0
BRDA:12,0,1,0
BRDA:12,1,0,0
BRDA:12,1,1,0
BRDA:18,2,0,0
BRDA:18,2,1,0
BRDA:19,3,0,0
BRDA:19,3,1,0
BRDA:20,4,0,0
BRDA:20,4,1,0
BRDA:21,5,0,0
BRDA:21,5,1,0
BRF:12
BRH:0
end_of_record
TN:
SF:src/helpers/send-metrics.ts
FN:5,(anonymous_0)
FNF:1
FNH:0
FNDA:0,(anonymous_0)
DA:5,1
DA:6,0
LF:2
LH:1
BRF:0
BRH:0
end_of_record
TN:
SF:src/helpers/socket-init.ts
FN:8,(anonymous_0)
FN:10,(anonymous_1)
FN:15,(anonymous_2)
FN:19,(anonymous_3)
FN:26,(anonymous_4)
FNF:5
FNH:0
FNDA:0,(anonymous_0)
FNDA:0,(anonymous_1)
FNDA:0,(anonymous_2)
FNDA:0,(anonymous_3)
FNDA:0,(anonymous_4)
DA:1,1
DA:4,1
DA:8,1
DA:9,0
DA:10,0
DA:11,0
DA:15,1
DA:16,0
DA:17,0
DA:19,0
DA:20,0
DA:23,0
DA:24,0
DA:25,0
DA:26,0
DA:27,0
DA:28,0
DA:31,0
LF:18
LH:4
BRDA:16,0,0,0
BRDA:17,1,0,0
BRDA:17,1,1,0
BRDA:27,2,0,0
BRF:4
BRH:0
end_of_record
TN:
SF:src/helpers/validate.ts
FN:4,(anonymous_0)
FN:13,(anonymous_1)
FNF:2
FNH:2
FNDA:1,(anonymous_0)
FNDA:1,(anonymous_1)
DA:2,1
DA:4,1
DA:5,1
DA:6,8
DA:7,0
DA:10,1
DA:13,1
DA:14,1
LF:8
LH:7
BRDA:6,0,0,0
BRDA:15,1,0,1
BRDA:15,1,1,1
BRDA:15,2,0,1
BRDA:15,2,1,0
BRDA:15,3,0,1
BRDA:15,3,1,1
BRDA:16,4,0,1
BRDA:16,4,1,1
BRDA:16,5,0,1
BRDA:16,5,1,0
BRDA:16,6,0,1
BRDA:16,6,1,1
BRDA:17,7,0,1
BRDA:17,7,1,1
BRDA:17,8,0,1
BRDA:17,8,1,0
BRDA:17,9,0,1
BRDA:17,9,1,1
BRDA:18,10,0,1
BRDA:18,10,1,1
BRDA:18,11,0,1
BRDA:18,11,1,0
BRDA:18,12,0,1
BRDA:18,12,1,1
BRDA:19,13,0,1
BRDA:19,13,1,1
BRDA:19,14,0,1
BRDA:19,14,1,0
BRDA:19,15,0,1
BRDA:19,15,1,1
BRDA:20,16,0,1
BRDA:20,16,1,0
BRDA:20,17,0,1
BRDA:20,17,1,1
BRDA:21,18,0,1
BRDA:21,18,1,0
BRDA:21,19,0,1
BRDA:21,19,1,1
BRDA:22,20,0,0
BRDA:22,20,1,1
BRDA:22,21,0,1
BRDA:22,21,1,0
BRDA:22,22,0,1
BRDA:22,22,1,1
BRDA:23,23,0,1
BRDA:23,23,1,1
BRDA:23,24,0,1
BRDA:23,24,1,0
BRDA:23,25,0,1
BRDA:23,25,1,1
BRDA:24,26,0,0
BRDA:24,26,1,1
BRDA:24,27,0,1
BRDA:24,27,1,0
BRDA:24,28,0,1
BRDA:24,28,1,0
BRDA:24,29,0,1
BRDA:24,29,1,1
BRDA:24,30,0,0
BRDA:24,30,1,0
BRDA:24,31,0,0
BRDA:24,31,1,0
BRF:63
BRH:45
end_of_record
